<?xml version="1.0" encoding="UTF-8"?>
<testng-results ignored="0" total="1" passed="1" failed="0" skipped="0">
  <reporter-output>
  </reporter-output>
  <suite started-at="2024-10-12T15:04:44 IST" name="Default suite" finished-at="2024-10-12T15:04:53 IST" duration-ms="8767">
    <groups>
    </groups>
    <test started-at="2024-10-12T15:04:44 IST" name="Default test" finished-at="2024-10-12T15:04:53 IST" duration-ms="8767">
      <class name="exercise.xpath_axis_example_amazon2">
        <test-method signature="XPATHAsix()[pri:0, instance:exercise.xpath_axis_example_amazon2@437da279]" started-at="2024-10-12T15:04:44 IST" name="XPATHAsix" finished-at="2024-10-12T15:04:53 IST" duration-ms="8681" status="PASS">
          <reporter-output>
          </reporter-output>
        </test-method> <!-- XPATHAsix -->
      </class> <!-- exercise.xpath_axis_example_amazon2 -->
    </test> <!-- Default test -->
  </suite> <!-- Default suite -->
</testng-results>
